TN:
SF:/usr/include/c++/7/bits/basic_string.h
FN:5986,_ZStplIcSt11char_traitsIcESaIcEENSt7__cxx1112basic_stringIT_T0_T1_EEOS8_S5_
FNDA:19362,_ZStplIcSt11char_traitsIcESaIcEENSt7__cxx1112basic_stringIT_T0_T1_EEOS8_S5_
FNF:1
FNH:1
DA:5986,19362
DA:5988,19362
LF:2
LH:2
end_of_record
SF:/usr/include/c++/7/bits/move.h
FN:98,_ZSt4moveIRNSt7__cxx1112basic_stringIcSt11char_traitsIcESaIcEEEEONSt16remove_referenceIT_E4typeEOS8_
FNDA:0,_ZSt4moveIRNSt7__cxx1112basic_stringIcSt11char_traitsIcESaIcEEEEONSt16remove_referenceIT_E4typeEOS8_
FNF:1
FNH:0
DA:98,0
DA:99,0
LF:2
LH:0
end_of_record
SF:/usr/include/c++/7/iostream
DA:74,77
LF:1
LH:1
end_of_record
SF:/home/paniquex/CLionProjects/code_colorer/analysing.cpp
FN:8,__tcf_0
FN:30,__tcf_1
FN:72,_ZL14is_white_spacei
FN:93,_ZL11is_nondigiti
FN:107,_ZL15number_analyserPSt13basic_fstreamIcSt11char_traitsIcEE
FN:149,_ZL16comment_analyserPSt13basic_fstreamIcSt11char_traitsIcEE
FN:261,_ZL19punctuator_analyserPNSt7__cxx1112basic_stringIcSt11char_traitsIcESaIcEEEiPSt13basic_fstreamIcS2_E
FN:313,_ZL16keyword_analyserPNSt7__cxx1112basic_stringIcSt11char_traitsIcESaIcEEEiPSt13basic_fstreamIcS2_E
FN:376,_ZL19identifier_analyserPSt13basic_fstreamIcSt11char_traitsIcEE
FN:441,_ZL20is_hexadecimal_digiti
FN:463,_ZL12ucn_analyserPSt13basic_fstreamIcSt11char_traitsIcEE
FN:540,_ZL22white_space_print_skipPSt13basic_fstreamIcSt11char_traitsIcEE
FN:570,_ZL23string_literal_analyserPSt13basic_fstreamIcSt11char_traitsIcEE
FN:682,_ZL20char_consts_analyserPSt13basic_fstreamIcSt11char_traitsIcEE
FN:766,_Z15analysing_stagePSt13basic_fstreamIcSt11char_traitsIcEE
FN:888,_Z41__static_initialization_and_destruction_0ii
FN:888,_GLOBAL__sub_I__Z8keywordsB5cxx11
FNDA:77,__tcf_0
FNDA:77,__tcf_1
FNDA:55656,_ZL14is_white_spacei
FNDA:39756,_ZL11is_nondigiti
FNDA:20394,_ZL15number_analyserPSt13basic_fstreamIcSt11char_traitsIcEE
FNDA:27660,_ZL16comment_analyserPSt13basic_fstreamIcSt11char_traitsIcEE
FNDA:20081,_ZL19punctuator_analyserPNSt7__cxx1112basic_stringIcSt11char_traitsIcESaIcEEEiPSt13basic_fstreamIcS2_E
FNDA:27599,_ZL16keyword_analyserPNSt7__cxx1112basic_stringIcSt11char_traitsIcESaIcEEEiPSt13basic_fstreamIcS2_E
FNDA:27287,_ZL19identifier_analyserPSt13basic_fstreamIcSt11char_traitsIcEE
FNDA:18,_ZL20is_hexadecimal_digiti
FNDA:27291,_ZL12ucn_analyserPSt13basic_fstreamIcSt11char_traitsIcEE
FNDA:55658,_ZL22white_space_print_skipPSt13basic_fstreamIcSt11char_traitsIcEE
FNDA:27648,_ZL23string_literal_analyserPSt13basic_fstreamIcSt11char_traitsIcEE
FNDA:27625,_ZL20char_consts_analyserPSt13basic_fstreamIcSt11char_traitsIcEE
FNDA:7896,_Z15analysing_stagePSt13basic_fstreamIcSt11char_traitsIcEE
FNDA:77,_GLOBAL__sub_I__Z8keywordsB5cxx11
FNDA:77,_Z41__static_initialization_and_destruction_0ii
FNF:17
FNH:17
DA:8,154
DA:24,77
DA:30,154
DA:65,77
DA:72,55656
DA:83,55656
DA:84,388136
DA:85,332816
DA:86,336
DA:89,55320
DA:93,39756
DA:99,39756
DA:100,27510
DA:107,20394
DA:120,20394
DA:121,20394
DA:122,40788
DA:123,21200
DA:124,20788
DA:125,20788
DA:126,403
DA:127,313
DA:129,403
DA:131,20385
DA:132,304
DA:133,304
DA:134,304
DA:135,304
DA:137,20081
DA:138,20081
DA:139,20081
DA:142,9
DA:143,9
DA:144,9
DA:149,27660
DA:162,27660
DA:163,55320
DA:164,27660
DA:165,27898
DA:166,27774
DA:167,27827
DA:168,53
DA:169,53
DA:170,53
DA:171,27721
DA:172,27607
DA:173,27607
DA:174,27607
DA:176,126
DA:177,53
DA:178,41
DA:179,41
DA:180,41
DA:181,41
DA:182,41
DA:184,12
DA:185,7
DA:186,7
DA:187,7
DA:188,7
DA:190,5
DA:191,5
DA:192,5
DA:193,5
DA:196,12
DA:199,82
DA:200,25
DA:201,4
DA:202,4
DA:203,4
DA:204,4
DA:205,4
DA:206,21
DA:207,17
DA:208,17
DA:210,4
DA:212,21
DA:214,48
DA:215,12
DA:216,6
DA:217,6
DA:219,12
DA:220,12
DA:222,41
DA:223,17
DA:224,17
DA:225,17
DA:227,11
DA:228,7
DA:229,3
DA:230,3
DA:231,3
DA:232,3
DA:233,3
DA:235,4
DA:236,3
DA:238,4
DA:239,4
DA:241,0
DA:242,0
DA:243,0
DA:245,5
DA:246,0
DA:247,0
DA:249,5
DA:250,0
DA:251,0
DA:252,0
DA:254,5
DA:255,5
DA:256,5
DA:261,20081
DA:273,40162
DA:275,20081
DA:276,54581
DA:277,46604
DA:278,12
DA:280,46592
DA:281,46592
DA:282,12092
DA:283,12092
DA:285,34500
DA:287,7989
DA:288,0
DA:289,0
DA:291,7989
DA:292,0
DA:293,0
DA:295,7989
DA:296,39662
DA:297,1081082
DA:298,1049409
DA:299,247
DA:300,247
DA:301,247
DA:302,247
DA:306,7742
DA:307,7742
DA:308,7742
DA:313,27599
DA:334,55198
DA:337,27599
DA:338,245083
DA:339,232254
DA:340,78
DA:342,232176
DA:343,232176
DA:344,14692
DA:345,14692
DA:347,217484
DA:349,12907
DA:350,0
DA:351,0
DA:353,12907
DA:354,0
DA:355,0
DA:357,12907
DA:358,192452
DA:359,2694381
DA:360,2514836
DA:361,308
DA:362,308
DA:363,308
DA:364,308
DA:368,12599
DA:369,12599
DA:370,12599
DA:376,27287
DA:389,27287
DA:390,27287
DA:391,27287
DA:392,54574
DA:393,52253
DA:394,39756
DA:395,39756
DA:396,39756
DA:397,34180
DA:398,6893
DA:399,6893
DA:401,20394
DA:402,20394
DA:403,20394
DA:406,12469
DA:407,12469
DA:408,5590
DA:410,6879
DA:411,6879
DA:413,26212
DA:414,19333
DA:415,19333
DA:417,6879
DA:421,14
DA:422,14
DA:423,14
DA:425,43
DA:426,29
DA:427,29
DA:429,14
DA:431,0
DA:432,0
DA:433,0
DA:435,0
DA:436,0
DA:441,18
DA:449,18
DA:453,225
DA:454,222
DA:455,15
DA:458,3
DA:463,27291
DA:475,27291
DA:476,27291
DA:477,27291
DA:478,27291
DA:479,54582
DA:480,27415
DA:481,27349
DA:482,27349
DA:483,27349
DA:484,27331
DA:485,40
DA:486,40
DA:488,27251
DA:489,27251
DA:490,27251
DA:493,58
DA:494,46
DA:495,6
DA:496,6
DA:497,6
DA:499,35
DA:500,1
DA:501,1
DA:502,1
DA:504,33
DA:505,33
DA:506,33
DA:508,18
DA:509,9
DA:510,3
DA:511,3
DA:512,3
DA:513,3
DA:514,3
DA:516,3
DA:517,3
DA:518,3
DA:521,12
DA:522,12
DA:523,12
DA:525,0
DA:526,0
DA:527,0
DA:528,0
DA:532,4
DA:533,4
DA:534,4
DA:535,4
DA:540,55658
DA:555,55658
DA:556,55656
DA:557,55656
DA:558,55320
DA:559,55320
DA:561,336
DA:563,2
DA:564,336
DA:570,27648
DA:582,27648
DA:583,27648
DA:584,55296
DA:585,56398
DA:586,42017
DA:587,42017
DA:588,27665
DA:589,17
DA:590,17
DA:591,17
DA:592,27631
DA:593,441
DA:594,441
DA:595,312
DA:596,316
DA:597,308
DA:598,308
DA:599,308
DA:601,4
DA:602,4
DA:603,4
DA:604,4
DA:607,129
DA:608,129
DA:609,126
DA:610,126
DA:611,126
DA:613,4
DA:614,1
DA:615,1
DA:616,1
DA:617,1
DA:619,2
DA:620,2
DA:621,3
DA:622,1
DA:623,1
DA:624,1
DA:625,1
DA:626,1
DA:628,1
DA:629,1
DA:630,1
DA:634,0
DA:636,27190
DA:637,27190
DA:638,27190
DA:641,14369
DA:642,14350
DA:643,14366
DA:644,16
DA:645,16
DA:646,14334
DA:647,9
DA:648,9
DA:649,9
DA:650,28643
DA:651,7
DA:652,7
DA:653,7
DA:655,14318
DA:656,14318
DA:659,19
DA:660,19
DA:661,22
DA:662,3
DA:663,3
DA:665,31
DA:666,1
DA:667,1
DA:668,1
DA:671,15
DA:672,15
DA:676,6
DA:677,6
DA:678,6
DA:682,27625
DA:693,27625
DA:694,27625
DA:695,55250
DA:696,35105
DA:697,31357
DA:698,31357
DA:699,27640
DA:700,18
DA:701,18
DA:702,18
DA:703,27604
DA:704,432
DA:705,432
DA:706,437
DA:707,5
DA:708,5
DA:709,5
DA:710,5
DA:712,427
DA:713,427
DA:714,427
DA:717,27172
DA:718,27172
DA:719,27172
DA:722,3735
DA:723,3719
DA:724,3729
DA:725,10
DA:726,10
DA:727,3709
DA:728,12
DA:729,12
DA:730,12
DA:731,7389
DA:732,5
DA:733,5
DA:734,5
DA:736,3692
DA:737,3692
DA:740,16
DA:741,16
DA:742,22
DA:743,6
DA:744,6
DA:746,19
DA:747,1
DA:748,1
DA:749,1
DA:752,9
DA:753,9
DA:758,8
DA:759,8
DA:760,8
DA:766,27730
DA:770,47564
DA:771,27661
DA:772,27661
DA:773,27997
DA:774,27661
DA:775,1
DA:778,27660
DA:779,27660
DA:780,12
DA:781,27648
DA:782,0
DA:783,0
DA:784,0
DA:786,27648
DA:787,27648
DA:790,27648
DA:791,27648
DA:792,23
DA:793,27625
DA:794,0
DA:795,0
DA:797,0
DA:798,0
DA:799,0
DA:801,27625
DA:802,27625
DA:805,27625
DA:806,27625
DA:807,26
DA:808,27599
DA:809,0
DA:810,0
DA:811,0
DA:813,27599
DA:814,27599
DA:817,27599
DA:818,27599
DA:819,308
DA:820,27291
DA:821,0
DA:822,0
DA:823,0
DA:825,27291
DA:826,27291
DA:829,27291
DA:830,27291
DA:831,4
DA:832,27287
DA:833,0
DA:834,0
DA:835,0
DA:837,27287
DA:838,27287
DA:841,27287
DA:842,27287
DA:843,6893
DA:844,20394
DA:845,0
DA:846,0
DA:847,0
DA:849,20394
DA:850,20394
DA:853,20394
DA:854,20394
DA:855,313
DA:856,20081
DA:857,0
DA:858,0
DA:859,0
DA:861,20081
DA:862,20081
DA:865,20081
DA:866,20081
DA:867,247
DA:868,19834
DA:869,0
DA:870,0
DA:871,0
DA:873,19834
DA:874,19834
DA:878,19834
DA:879,0
DA:880,0
DA:882,19834
DA:883,19834
DA:885,70
DA:886,70
DA:887,70
DA:888,231
LF:488
LH:434
end_of_record
SF:/home/paniquex/CLionProjects/code_colorer/headers/token.hpp
FN:7,_ZN5TokenD2Ev
FN:7,_ZN5TokenC2Ev
FNDA:0,_ZN5TokenD2Ev
FNDA:205655,_ZN5TokenC2Ev
FNF:2
FNH:1
DA:7,205655
LF:1
LH:1
end_of_record
