TN:
SF:/usr/include/c++/7/bits/basic_string.h
FN:5944,_ZStplIcSt11char_traitsIcESaIcEENSt7__cxx1112basic_stringIT_T0_T1_EEOS8_RKS8_
FN:5950,_ZStplIcSt11char_traitsIcESaIcEENSt7__cxx1112basic_stringIT_T0_T1_EERKS8_OS8_
FN:6034,_ZSteqIcSt11char_traitsIcESaIcEEbRKNSt7__cxx1112basic_stringIT_T0_T1_EEPKS5_
FNDA:7826,_ZStplIcSt11char_traitsIcESaIcEENSt7__cxx1112basic_stringIT_T0_T1_EEOS8_RKS8_
FNDA:7826,_ZStplIcSt11char_traitsIcESaIcEENSt7__cxx1112basic_stringIT_T0_T1_EERKS8_OS8_
FNDA:140,_ZSteqIcSt11char_traitsIcESaIcEEbRKNSt7__cxx1112basic_stringIT_T0_T1_EEPKS5_
FNF:3
FNH:3
DA:5944,7826
DA:5946,7826
DA:5950,7826
DA:5952,7826
DA:6034,140
DA:6036,140
LF:6
LH:6
end_of_record
SF:/usr/include/c++/7/bits/move.h
FN:98,_ZSt4moveIRNSt7__cxx1112basic_stringIcSt11char_traitsIcESaIcEEEEONSt16remove_referenceIT_E4typeEOS8_
FNDA:35014,_ZSt4moveIRNSt7__cxx1112basic_stringIcSt11char_traitsIcESaIcEEEEONSt16remove_referenceIT_E4typeEOS8_
FNF:1
FNH:1
DA:98,35014
DA:99,35014
LF:2
LH:2
end_of_record
SF:/usr/include/c++/7/iostream
DA:74,77
LF:1
LH:1
end_of_record
SF:/home/paniquex/CLionProjects/code_colorer/coloring.hpp
FN:24,_ZN23TokenProcessor_coloringD0Ev
FN:24,_ZN23TokenProcessor_coloringD2Ev
FN:24,_ZN23TokenProcessor_coloringC2Ev
FN:29,_ZN23TokenProcessor_coloring13process_tokenEP5Token
FNDA:70,_ZN23TokenProcessor_coloringD0Ev
FNDA:70,_ZN23TokenProcessor_coloringD2Ev
FNDA:70,_ZN23TokenProcessor_coloringC2Ev
FNDA:7826,_ZN23TokenProcessor_coloring13process_tokenEP5Token
FNF:4
FNH:4
DA:6,77
DA:7,77
DA:8,77
DA:9,77
DA:10,77
DA:11,77
DA:12,77
DA:13,77
DA:14,77
DA:15,77
DA:16,77
DA:17,77
DA:18,77
DA:19,77
DA:20,77
DA:21,77
DA:22,77
DA:24,210
DA:29,7826
DA:34,15652
DA:35,7826
DA:36,308
DA:37,308
DA:38,6893
DA:39,6893
DA:40,313
DA:41,313
DA:42,26
DA:43,26
DA:44,23
DA:45,23
DA:46,247
DA:47,247
DA:48,12
DA:49,12
DA:51,7826
DA:52,7826
DA:53,7826
LF:38
LH:38
end_of_record
SF:/home/paniquex/CLionProjects/code_colorer/headers/token.hpp
FN:7,_ZN5TokenC2ERKS_
FN:7,_ZN5TokenD2Ev
FNDA:213481,_ZN5TokenD2Ev
FNDA:7826,_ZN5TokenC2ERKS_
FNF:2
FNH:2
DA:7,221307
LF:1
LH:1
end_of_record
SF:/home/paniquex/CLionProjects/code_colorer/main.cpp
FN:26,main
FN:123,_Z12output_stage5Token
FN:130,_GLOBAL__sub_I_main
FNDA:77,main
FNDA:7826,_Z12output_stage5Token
FNDA:77,_GLOBAL__sub_I_main
FNDA:77,_Z41__static_initialization_and_destruction_0ii
FNF:4
FNH:4
DA:26,77
DA:34,154
DA:35,154
DA:38,77
DA:39,2
DA:40,2
DA:43,75
DA:44,73
DA:45,2
DA:46,1
DA:47,1
DA:49,74
DA:50,72
DA:51,3
DA:52,3
DA:54,69
DA:55,0
DA:56,0
DA:58,2
DA:59,1
DA:60,0
DA:61,0
DA:63,1
DA:64,0
DA:65,0
DA:68,71
DA:69,1
DA:70,1
DA:73,140
DA:74,70
DA:75,1
DA:76,1
DA:78,69
DA:79,69
DA:82,70
DA:83,70
DA:84,70
DA:85,0
DA:86,0
DA:87,0
DA:90,15722
DA:91,7896
DA:92,70
DA:93,7826
DA:94,0
DA:96,7826
DA:97,7826
DA:98,7826
DA:100,70
DA:101,0
DA:102,0
DA:104,0
DA:105,0
DA:106,0
DA:107,0
DA:109,70
DA:110,70
DA:111,0
DA:113,70
DA:114,70
DA:115,1
DA:117,70
DA:118,70
DA:123,7826
DA:124,7826
DA:125,0
DA:126,0
DA:128,7826
DA:129,7826
DA:130,231
LF:70
LH:51
end_of_record
SF:/home/paniquex/CLionProjects/code_colorer/token_processing.hpp
FN:6,_ZN14TokenProcessorC2Ev
FN:9,_ZNK14TokenProcessor11print_tokenEv
FN:10,_ZN14TokenProcessorD2Ev
FN:10,_ZN14TokenProcessorD0Ev
FNDA:70,_ZN14TokenProcessorC2Ev
FNDA:0,_ZNK14TokenProcessor11print_tokenEv
FNDA:0,_ZN14TokenProcessorD0Ev
FNDA:70,_ZN14TokenProcessorD2Ev
FNF:4
FNH:2
DA:6,70
DA:9,0
DA:10,70
LF:3
LH:2
end_of_record
